<?xml version="1.0" encoding="UTF-8"?>
<!-- Generated by org.testng.reporters.JUnitXMLReporter -->
<testsuite ignored="0" hostname="BDC7-D-FNRXQG2" failures="0" tests="3" name="Test1" time="19.318" errors="0" timestamp="20 May 2018 07:02:05 GMT">
  <testcase classname="com.test.NewTest" name="testMercuryToursWelcome" time="5.758"/>
  <testcase classname="com.test.NewTest" name="testMercuryToursRegister" time="4.701"/>
  <testcase classname="com.test.NewTest" name="testMercuryToursLogin" time="4.358"/>
</testsuite> <!-- Test1 -->
