<?xml version="1.0" encoding="UTF-8"?>
<!-- Generated by org.testng.reporters.JUnitXMLReporter -->
<testsuite ignored="0" hostname="BDC7-D-FNRXQG2" failures="0" tests="3" name="Test2" time="39.539" errors="0" timestamp="20 May 2018 07:02:25 GMT">
  <testcase classname="com.test.NewTest" name="testMercuryToursWelcome" time="5.494"/>
  <testcase classname="com.test.NewTest" name="testMercuryToursRegister" time="5.053"/>
  <testcase classname="com.test.NewTest" name="testMercuryToursLogin" time="5.669"/>
</testsuite> <!-- Test2 -->
