<?xml version="1.0" encoding="UTF-8"?>
<testng-results ignored="0" total="6" passed="6" failed="0" skipped="0">
  <reporter-output>
  </reporter-output>
  <suite started-at="2018-05-20T07:01:45Z" name="Suite" finished-at="2018-05-20T07:02:25Z" duration-ms="39539">
    <groups>
    </groups>
    <test started-at="2018-05-20T07:01:45Z" name="Test1" finished-at="2018-05-20T07:02:05Z" duration-ms="19318">
      <class name="com.test.NewTest">
        <test-method is-config="true" signature="beforeTest(java.lang.String)[pri:0, instance:com.test.NewTest@6f45df59]" started-at="2018-05-20T07:01:45Z" name="beforeTest" finished-at="2018-05-20T07:01:50Z" duration-ms="4375" status="PASS">
          <params>
            <param index="0">
              <value>
                <![CDATA[chrome]]>
              </value>
            </param>
          </params>
          <reporter-output>
          </reporter-output>
        </test-method> <!-- beforeTest -->
        <test-method signature="testMercuryToursWelcome()[pri:1, instance:com.test.NewTest@6f45df59]" started-at="2018-05-20T07:01:50Z" name="testMercuryToursWelcome" finished-at="2018-05-20T07:01:55Z" duration-ms="5758" status="PASS">
          <reporter-output>
          </reporter-output>
        </test-method> <!-- testMercuryToursWelcome -->
        <test-method signature="testMercuryToursRegister()[pri:2, instance:com.test.NewTest@6f45df59]" started-at="2018-05-20T07:01:55Z" name="testMercuryToursRegister" finished-at="2018-05-20T07:02:00Z" duration-ms="4701" status="PASS">
          <reporter-output>
          </reporter-output>
        </test-method> <!-- testMercuryToursRegister -->
        <test-method signature="testMercuryToursLogin()[pri:3, instance:com.test.NewTest@6f45df59]" started-at="2018-05-20T07:02:00Z" name="testMercuryToursLogin" finished-at="2018-05-20T07:02:05Z" duration-ms="4358" status="PASS">
          <reporter-output>
          </reporter-output>
        </test-method> <!-- testMercuryToursLogin -->
        <test-method is-config="true" signature="afterTest()[pri:0, instance:com.test.NewTest@6f45df59]" started-at="2018-05-20T07:02:05Z" name="afterTest" finished-at="2018-05-20T07:02:05Z" duration-ms="77" status="PASS">
          <reporter-output>
          </reporter-output>
        </test-method> <!-- afterTest -->
      </class> <!-- com.test.NewTest -->
    </test> <!-- Test1 -->
    <test started-at="2018-05-20T07:01:45Z" name="Test2" finished-at="2018-05-20T07:02:25Z" duration-ms="39539">
      <class name="com.test.NewTest">
        <test-method is-config="true" signature="beforeTest(java.lang.String)[pri:0, instance:com.test.NewTest@2b4bac49]" started-at="2018-05-20T07:01:45Z" name="beforeTest" finished-at="2018-05-20T07:02:07Z" duration-ms="21492" status="PASS">
          <params>
            <param index="0">
              <value>
                <![CDATA[firefox]]>
              </value>
            </param>
          </params>
          <reporter-output>
          </reporter-output>
        </test-method> <!-- beforeTest -->
        <test-method signature="testMercuryToursWelcome()[pri:1, instance:com.test.NewTest@2b4bac49]" started-at="2018-05-20T07:02:07Z" name="testMercuryToursWelcome" finished-at="2018-05-20T07:02:12Z" duration-ms="5494" status="PASS">
          <reporter-output>
          </reporter-output>
        </test-method> <!-- testMercuryToursWelcome -->
        <test-method signature="testMercuryToursRegister()[pri:2, instance:com.test.NewTest@2b4bac49]" started-at="2018-05-20T07:02:12Z" name="testMercuryToursRegister" finished-at="2018-05-20T07:02:17Z" duration-ms="5053" status="PASS">
          <reporter-output>
          </reporter-output>
        </test-method> <!-- testMercuryToursRegister -->
        <test-method signature="testMercuryToursLogin()[pri:3, instance:com.test.NewTest@2b4bac49]" started-at="2018-05-20T07:02:17Z" name="testMercuryToursLogin" finished-at="2018-05-20T07:02:23Z" duration-ms="5669" status="PASS">
          <reporter-output>
          </reporter-output>
        </test-method> <!-- testMercuryToursLogin -->
        <test-method is-config="true" signature="afterTest()[pri:0, instance:com.test.NewTest@2b4bac49]" started-at="2018-05-20T07:02:23Z" name="afterTest" finished-at="2018-05-20T07:02:25Z" duration-ms="1823" status="PASS">
          <reporter-output>
          </reporter-output>
        </test-method> <!-- afterTest -->
      </class> <!-- com.test.NewTest -->
    </test> <!-- Test2 -->
  </suite> <!-- Suite -->
</testng-results>
